2023-06-20 19:56:21.893  INFO 93510 --- [main] p.s.Z.ZdjavApol139Application            : Starting ZdjavApol139Application using Java 11.0.1 on MacBook-Air-maciejburzynski.local with PID 93510 (/Users/maciejburzynski/Desktop/Biurko — MacBook Air (maciejburzynski)/Repos/SpringZDJAVApol139/SpringZDJAVApol139/ZDJAVApol139/target/classes started by maciejburzynski in /Users/maciejburzynski/Desktop/Biurko — MacBook Air (maciejburzynski)/Repos/SpringZDJAVApol139/SpringZDJAVApol139/ZDJAVApol139)
2023-06-20 19:56:21.902  INFO 93510 --- [main] p.s.Z.ZdjavApol139Application            : No active profile set, falling back to 1 default profile: "default"
2023-06-20 19:56:24.201  INFO 93510 --- [main] .s.d.r.c.RepositoryConfigurationDelegate : Bootstrapping Spring Data JPA repositories in DEFAULT mode.
2023-06-20 19:56:24.321  INFO 93510 --- [main] .s.d.r.c.RepositoryConfigurationDelegate : Finished Spring Data repository scanning in 98 ms. Found 3 JPA repository interfaces.
2023-06-20 19:56:25.487  INFO 93510 --- [main] o.s.b.w.embedded.tomcat.TomcatWebServer  : Tomcat initialized with port(s): 8080 (http)
2023-06-20 19:56:25.540  INFO 93510 --- [main] o.apache.catalina.core.StandardService   : Starting service [Tomcat]
2023-06-20 19:56:25.541  INFO 93510 --- [main] org.apache.catalina.core.StandardEngine  : Starting Servlet engine: [Apache Tomcat/9.0.75]
2023-06-20 19:56:25.836  INFO 93510 --- [main] o.a.c.c.C.[Tomcat].[localhost].[/]       : Initializing Spring embedded WebApplicationContext
2023-06-20 19:56:25.842  INFO 93510 --- [main] w.s.c.ServletWebServerApplicationContext : Root WebApplicationContext: initialization completed in 3573 ms
2023-06-20 19:56:25.943  INFO 93510 --- [main] com.zaxxer.hikari.HikariDataSource       : HikariPool-1 - Starting...
2023-06-20 19:56:26.473  INFO 93510 --- [main] com.zaxxer.hikari.HikariDataSource       : HikariPool-1 - Start completed.
2023-06-20 19:56:26.512  INFO 93510 --- [main] o.s.b.a.h2.H2ConsoleAutoConfiguration    : H2 console available at '/h2-console'. Database available at 'jdbc:h2:mem:testdb'
2023-06-20 19:56:27.010  INFO 93510 --- [main] o.hibernate.jpa.internal.util.LogHelper  : HHH000204: Processing PersistenceUnitInfo [name: default]
2023-06-20 19:56:27.173  INFO 93510 --- [main] org.hibernate.Version                    : HHH000412: Hibernate ORM core version 5.6.15.Final
2023-06-20 19:56:27.668  INFO 93510 --- [main] o.hibernate.annotations.common.Version   : HCANN000001: Hibernate Commons Annotations {5.1.2.Final}
2023-06-20 19:56:27.991  INFO 93510 --- [main] org.hibernate.dialect.Dialect            : HHH000400: Using dialect: org.hibernate.dialect.H2Dialect
2023-06-20 19:56:29.382  INFO 93510 --- [main] o.h.e.t.j.p.i.JtaPlatformInitiator       : HHH000490: Using JtaPlatform implementation: [org.hibernate.engine.transaction.jta.platform.internal.NoJtaPlatform]
2023-06-20 19:56:29.410  INFO 93510 --- [main] j.LocalContainerEntityManagerFactoryBean : Initialized JPA EntityManagerFactory for persistence unit 'default'
2023-06-20 19:56:30.583  WARN 93510 --- [main] JpaBaseConfiguration$JpaWebConfiguration : spring.jpa.open-in-view is enabled by default. Therefore, database queries may be performed during view rendering. Explicitly configure spring.jpa.open-in-view to disable this warning
2023-06-20 19:56:31.335  INFO 93510 --- [main] o.s.b.w.embedded.tomcat.TomcatWebServer  : Tomcat started on port(s): 8080 (http) with context path ''
2023-06-20 19:56:31.355  INFO 93510 --- [main] p.s.Z.ZdjavApol139Application            : Started ZdjavApol139Application in 11.81 seconds (JVM running for 15.389)
2023-06-20 19:58:31.563  INFO 93510 --- [SpringApplicationShutdownHook] j.LocalContainerEntityManagerFactoryBean : Closing JPA EntityManagerFactory for persistence unit 'default'
2023-06-20 19:58:31.569  INFO 93510 --- [SpringApplicationShutdownHook] .SchemaDropperImpl$DelayedDropActionImpl : HHH000477: Starting delayed evictData of schema as part of SessionFactory shut-down'
2023-06-20 19:58:31.653  INFO 93510 --- [SpringApplicationShutdownHook] com.zaxxer.hikari.HikariDataSource       : HikariPool-1 - Shutdown initiated...
2023-06-20 19:58:31.669  INFO 93510 --- [SpringApplicationShutdownHook] com.zaxxer.hikari.HikariDataSource       : HikariPool-1 - Shutdown completed.
